<?xml version="1.0" encoding="UTF-8" standalone="no"?>
<testsuite errors="0" failures="1" name="io.cucumber.core.plugin.JUnitFormatter" skipped="0" tests="2" time="137.553">
    <testcase classname="Access a Product via category after applying multiple filters" name="verify filters result" time="86.48">
        <system-out><![CDATA[Given browser is open.......................................................passed
And user is on home web page................................................passed
When user click the general category button.................................passed
And user click the category button..........................................passed
And user click the sub category button......................................passed
When user click filter button...............................................passed
And user select the filter..................................................passed
When user is navigated to filter results....................................passed
Then verify filter result...................................................passed
]]></system-out>
    </testcase>
    <testcase classname="feature to test google search funcationality" name="Validate google search is working" time="50.833">
        <failure message="timeout: Timed out receiving message from renderer: 30.000&#10;  (Session info: chrome=104.0.5112.80)&#10;Build info: version: '4.3.0', revision: 'a4995e2c09*'&#10;System info: host: 'LAPTOP-V5C4M931', ip: '192.168.24.147', os.name: 'Windows 11', os.arch: 'amd64', os.version: '10.0', java.version: '18.0.1'&#10;Driver info: org.openqa.selenium.chrome.ChromeDriver&#10;Command: [29c707333fee66362ecc15f653abbe0b, executeScript {script=arguments[0].click();, args=[{ELEMENT=fab8d84c-29b9-4b4b-a7d1-f8f0fa2ea1bf, element-6066-11e4-a52e-4f735466cecf=fab8d84c-29b9-4b4b-a7d1-f8f0fa2ea1bf}]}]&#10;Capabilities {acceptInsecureCerts: false, browserName: chrome, browserVersion: 104.0.5112.80, chrome: {chromedriverVersion: 103.0.5060.134 (8ec6fce403b..., userDataDir: C:\Users\PROJEC~1\AppData\L...}, goog:chromeOptions: {debuggerAddress: localhost:50613}, networkConnectionEnabled: false, pageLoadStrategy: normal, platformName: WINDOWS, proxy: Proxy(), se:cdp: ws://localhost:50613/devtoo..., se:cdpVersion: 104.0.5112.80, setWindowRect: true, strictFileInteractability: false, timeouts: {implicit: 0, pageLoad: 300000, script: 30000}, unhandledPromptBehavior: dismiss and notify, webauthn:extension:credBlob: true, webauthn:extension:largeBlob: true, webauthn:virtualAuthenticators: true}&#10;Session ID: 29c707333fee66362ecc15f653abbe0b" type="org.openqa.selenium.TimeoutException"><![CDATA[Given open browser..........................................................passed
And home web page...........................................................passed
When user enters a text in search box.......................................passed
And user select category....................................................passed
And user click the search button............................................failed
When user is navigated to search results....................................skipped
Then verify search result...................................................skipped

StackTrace:
org.openqa.selenium.TimeoutException: timeout: Timed out receiving message from renderer: 30.000
  (Session info: chrome=104.0.5112.80)
Build info: version: '4.3.0', revision: 'a4995e2c09*'
System info: host: 'LAPTOP-V5C4M931', ip: '192.168.24.147', os.name: 'Windows 11', os.arch: 'amd64', os.version: '10.0', java.version: '18.0.1'
Driver info: org.openqa.selenium.chrome.ChromeDriver
Command: [29c707333fee66362ecc15f653abbe0b, executeScript {script=arguments[0].click();, args=[{ELEMENT=fab8d84c-29b9-4b4b-a7d1-f8f0fa2ea1bf, element-6066-11e4-a52e-4f735466cecf=fab8d84c-29b9-4b4b-a7d1-f8f0fa2ea1bf}]}]
Capabilities {acceptInsecureCerts: false, browserName: chrome, browserVersion: 104.0.5112.80, chrome: {chromedriverVersion: 103.0.5060.134 (8ec6fce403b..., userDataDir: C:\Users\PROJEC~1\AppData\L...}, goog:chromeOptions: {debuggerAddress: localhost:50613}, networkConnectionEnabled: false, pageLoadStrategy: normal, platformName: WINDOWS, proxy: Proxy(), se:cdp: ws://localhost:50613/devtoo..., se:cdpVersion: 104.0.5112.80, setWindowRect: true, strictFileInteractability: false, timeouts: {implicit: 0, pageLoad: 300000, script: 30000}, unhandledPromptBehavior: dismiss and notify, webauthn:extension:credBlob: true, webauthn:extension:largeBlob: true, webauthn:virtualAuthenticators: true}
Session ID: 29c707333fee66362ecc15f653abbe0b
	at java.base/jdk.internal.reflect.DirectConstructorHandleAccessor.newInstance(DirectConstructorHandleAccessor.java:67)
	at java.base/java.lang.reflect.Constructor.newInstanceWithCaller(Constructor.java:499)
	at java.base/java.lang.reflect.Constructor.newInstance(Constructor.java:483)
	at org.openqa.selenium.remote.codec.w3c.W3CHttpResponseCodec.createException(W3CHttpResponseCodec.java:200)
	at org.openqa.selenium.remote.codec.w3c.W3CHttpResponseCodec.decode(W3CHttpResponseCodec.java:133)
	at org.openqa.selenium.remote.codec.w3c.W3CHttpResponseCodec.decode(W3CHttpResponseCodec.java:53)
	at org.openqa.selenium.remote.HttpCommandExecutor.execute(HttpCommandExecutor.java:184)
	at org.openqa.selenium.remote.service.DriverCommandExecutor.invokeExecute(DriverCommandExecutor.java:167)
	at org.openqa.selenium.remote.service.DriverCommandExecutor.execute(DriverCommandExecutor.java:142)
	at org.openqa.selenium.remote.RemoteWebDriver.execute(RemoteWebDriver.java:569)
	at org.openqa.selenium.remote.RemoteWebDriver.executeScript(RemoteWebDriver.java:503)
	at pages.homePage.clickSearch_button(homePage.java:47)
	at StepDefinitions.AccessProduct_search.user_click_the_category_button(AccessProduct_search.java:65)
	at âœ½.user click the search button(file:///C:/Users/Project_Arin/eclipse-workspace/CucumberJava/src/test/resources/Features/AccessProduct_search.feature:9)
]]></failure>
    </testcase>
</testsuite>
